22:11:46.349 INFO  Listening on 3001 
22:11:54.481 INFO  Client connected 1 
22:11:56.711 INFO  received: %s{"type":"incMessage","username":"Godzilla","content":"Hey","color":"#00ccff","id":"3e493460-044c-11e7-8ba4-df8f3ba63e46"} 
22:12:06.769 INFO  Client connected 2 
22:12:11.016 INFO  received: %s{"type":"incNotify","content":"Godzilla has changed their name to Grawr","id":"46cff970-044c-11e7-8ba4-df8f3ba63e46"} 
22:12:16.292 INFO  received: %s{"type":"incMessage","username":"Grawr","content":"hey hey","color":"#ff3300","id":"49f50730-044c-11e7-8ba4-df8f3ba63e46"} 
22:12:22.570 INFO  received: %s{"type":"incMessage","username":"Godzilla","content":"Brooooooooo","color":"#00ccff","id":"4db2f990-044c-11e7-8ba4-df8f3ba63e46"} 
22:12:30.310 INFO  received: %s{"type":"incMessage","username":"Grawr","content":"Brooooo. I knooooooow","color":"#ff3300","id":"52500150-044c-11e7-8ba4-df8f3ba63e46"} 
22:12:32.855 INFO  Client disconnected["D9OFvOxINhf3bzjQXkmoaQ=="] 
22:27:25.278 INFO  Listening on 3001 
22:27:27.700 INFO  Client connected 1 
22:27:31.360 INFO  received: %s{"type":"incMessage","username":"Godzilla","content":"a","color":"#00ccff","id":"6b6152f0-044e-11e7-bdc3-b74533b9126e"} 
22:27:33.752 INFO  received: %s{"type":"incMessage","username":"Godzilla","content":"aasdf","color":"#00ccff","id":"6cce5070-044e-11e7-bdc3-b74533b9126e"} 
22:27:40.354 INFO  received: %s{"type":"incMessage","username":"Godzilla","content":"aasdf http://google.com/","color":"#00ccff","id":"70bdda20-044e-11e7-bdc3-b74533b9126e"} 
22:32:24.634 INFO  Client disconnected[] 
22:32:24.918 INFO  Client connected 1 
22:32:48.780 INFO  Client disconnected[] 
22:32:49.052 INFO  Client connected 1 
22:32:57.640 INFO  Client disconnected[] 
22:32:57.995 INFO  Client connected 1 
22:33:05.597 INFO  received: %s{"type":"incMessage","username":"Godzilla","content":"http://blah.com/haha.gif","color":"#00ccff","id":"3299d7c0-044f-11e7-bdc3-b74533b9126e"} 
22:33:09.049 INFO  received: %s{"type":"incMessage","username":"Godzilla","content":"http://blah.com/haha.g","color":"#00ccff","id":"34a8ba90-044f-11e7-bdc3-b74533b9126e"} 
22:33:19.793 INFO  Client disconnected[] 
22:33:20.086 INFO  Client connected 1 
22:33:26.306 INFO  received: %s{"type":"incMessage","username":"Godzilla","content":"http://blah.com/index.jpg","color":"#00ccff","id":"3ef1f020-044f-11e7-bdc3-b74533b9126e"} 
22:33:32.234 INFO  received: %s{"type":"incMessage","username":"Godzilla","content":"hey hey http://blah.com/index.jpg","color":"#00ccff","id":"427a7aa0-044f-11e7-bdc3-b74533b9126e"} 
22:33:58.807 INFO  Client disconnected[] 
22:33:59.072 INFO  Client connected 1 
22:34:06.715 INFO  Client disconnected[] 
22:34:06.969 INFO  Client connected 1 
22:34:08.751 INFO  Client disconnected[] 
22:34:08.985 INFO  Client connected 1 
22:34:14.777 INFO  Client disconnected[] 
22:34:15.010 INFO  Client connected 1 
22:34:29.466 INFO  received: %s{"type":"incMessage","username":"Godzilla","content":"hey I hate this http://blah.com/index.jpg hahah isn't that great?","color":"#00ccff","id":"649763a0-044f-11e7-bdc3-b74533b9126e"} 
22:37:17.941 INFO  Client disconnected[] 
22:37:25.310 INFO  Client connected 1 
22:37:28.679 INFO  received: %s{"type":"incMessage","username":"Godzilla","content":"nerd","color":"#00ccff","id":"cf691f70-044f-11e7-bdc3-b74533b9126e"} 
22:37:39.704 INFO  received: %s{"type":"incMessage","username":"Godzilla","content":"nerd http://index.com/pic.gif","color":"#00ccff","id":"d5fb6780-044f-11e7-bdc3-b74533b9126e"} 
22:38:39.128 INFO  Client disconnected[] 
22:38:39.419 INFO  Client connected 1 
22:38:51.293 INFO  Client disconnected[] 
22:38:51.593 INFO  Client connected 1 
22:38:59.838 INFO  received: %s{"type":"incMessage","username":"Godzilla","content":"aaah omg         console.log(match[1]","color":"#00ccff","id":"05bee1e0-0450-11e7-bdc3-b74533b9126e"} 
22:39:13.035 INFO  received: %s{"type":"incMessage","username":"Godzilla","content":"aaah omg   http://google.com/blah.gif","color":"#00ccff","id":"0d9c95b0-0450-11e7-bdc3-b74533b9126e"} 
22:39:16.220 INFO  received: %s{"type":"incMessage","username":"Godzilla","content":"aaah omg   http://google.com/blah.gif","color":"#00ccff","id":"0f8293c0-0450-11e7-bdc3-b74533b9126e"} 
22:39:21.345 INFO  Client disconnected[] 
22:39:21.639 INFO  Client connected 1 
22:39:27.835 INFO  received: %s{"type":"incMessage","username":"Godzilla","content":"not http://google.com/index.gif","color":"#00ccff","id":"166ebba0-0450-11e7-bdc3-b74533b9126e"} 
22:39:39.136 INFO  received: %s{"type":"incMessage","username":"Godzilla","content":"not http://google.com/index.gif","color":"#00ccff","id":"1d2b4800-0450-11e7-bdc3-b74533b9126e"} 
22:39:40.912 INFO  received: %s{"type":"incMessage","username":"Godzilla","content":"not http://google.com/index.gif","color":"#00ccff","id":"1e3a4700-0450-11e7-bdc3-b74533b9126e"} 
22:39:42.465 INFO  received: %s{"type":"incMessage","username":"Godzilla","content":"not http://google.com/index.gif","color":"#00ccff","id":"1f273f10-0450-11e7-bdc3-b74533b9126e"} 
22:39:45.987 INFO  received: %s{"type":"incMessage","username":"Godzilla","content":"not http://google.com/index.gif","color":"#00ccff","id":"2140a930-0450-11e7-bdc3-b74533b9126e"} 
22:40:25.288 INFO  Client disconnected[] 
22:40:25.545 INFO  Client connected 1 
22:40:30.343 INFO  Client disconnected[] 
22:40:30.575 INFO  Client connected 1 
22:40:37.524 INFO  received: %s{"type":"incMessage","username":"Godzilla","content":"hey http://google.com/index.gif","color":"#00ccff","id":"3ff89540-0450-11e7-bdc3-b74533b9126e"} 
22:40:40.009 INFO  Client disconnected[] 
22:40:51.028 INFO  Client connected 1 
22:41:01.348 INFO  Client disconnected[] 
22:41:01.627 INFO  Client connected 1 
22:41:30.443 INFO  Client disconnected[] 
22:41:30.715 INFO  Client connected 1 
22:41:38.430 INFO  Client disconnected[] 
22:41:38.688 INFO  Client connected 1 
22:43:15.534 INFO  Client disconnected[] 
22:43:15.813 INFO  Client connected 1 
22:43:41.655 INFO  Client disconnected[] 
22:43:41.927 INFO  Client connected 1 
22:44:02.712 INFO  Client disconnected[] 
22:44:02.996 INFO  Client connected 1 
22:44:16.627 INFO  Client disconnected[] 
22:44:16.919 INFO  Client connected 1 
22:44:41.782 INFO  Client disconnected[] 
22:44:42.076 INFO  Client connected 1 
22:44:47.665 INFO  Client disconnected[] 
22:44:47.922 INFO  Client connected 1 
22:45:10.668 INFO  Client disconnected[] 
22:45:10.949 INFO  Client connected 1 
22:45:20.680 INFO  Client disconnected[] 
22:45:20.962 INFO  Client connected 1 
22:45:29.228 INFO  received: %s{"type":"incMessage","username":"Godzilla","content":"hey this is a test http://google.com/index.gif","color":"#00ccff","id":"edd6edb0-0450-11e7-bdc3-b74533b9126e"} 
22:45:34.605 INFO  received: %s{"type":"incMessage","username":"Godzilla","content":"hey this is a test http://google.com/index.gif muwahahaha","color":"#00ccff","id":"f10b8bd0-0450-11e7-bdc3-b74533b9126e"} 
22:46:21.724 INFO  Client disconnected[] 
22:46:22.015 INFO  Client connected 1 
22:47:12.759 INFO  Client disconnected[] 
22:47:13.016 INFO  Client connected 1 
22:47:24.832 INFO  Client disconnected[] 
22:47:25.077 INFO  Client connected 1 
22:47:32.819 INFO  Client disconnected[] 
22:47:33.041 INFO  Client connected 1 
22:48:02.892 INFO  Client disconnected[] 
22:48:03.171 INFO  Client connected 1 
22:48:44.923 INFO  Client disconnected[] 
22:48:45.205 INFO  Client connected 1 
22:49:40.274 INFO  received: %s{"type":"incMessage","username":"Godzilla","content":"you have to check out http://img10.deviantart.net/e984/i/2015/287/c/5/red_dragon_by_sandara-d6hpycs.jpg","color":"#00ccff","id":"8379a920-0451-11e7-bdc3-b74533b9126e"} 
22:49:57.003 INFO  Client disconnected[] 
22:49:57.294 INFO  Client connected 1 
22:50:01.751 INFO  received: %s{"type":"incMessage","username":"Godzilla","content":"hey http://img10.deviantart.net/e984/i/2015/287/c/5/red_dragon_by_sandara-d6hpycs.jpg","color":"#00ccff","id":"9046ca70-0451-11e7-bdc3-b74533b9126e"} 
22:50:55.012 INFO  Client disconnected[] 
22:52:36.522 INFO  Client connected 1 
22:52:43.990 INFO  received: %s{"type":"incMessage","username":"Godzilla","content":"f http://img10.deviantart.net/e984/i/2015/287/c/5/red_dragon_by_sandara-d6hpycs.jpg","color":"#00ccff","id":"f0fa7f60-0451-11e7-bdc3-b74533b9126e"} 
22:57:23.631 INFO  Client disconnected[] 
22:57:23.909 INFO  Client connected 1 
22:57:39.497 INFO  received: %s{"type":"incMessage","username":"Godzilla","content":"tes http://img10.deviantart.net/e984/i/2015/287/c/5/red_dragon_by_sandara-d6hpycs.jpg ty","color":"#00ccff","id":"a11d4990-0452-11e7-bdc3-b74533b9126e"} 
22:58:22.672 INFO  Client disconnected[] 
22:58:38.078 INFO  Client connected 1 
22:58:45.669 INFO  received: %s{"type":"incMessage","username":"Godzilla","content":"asdf http://img10.deviantart.net/e984/i/2015/287/c/5/red_dragon_by_sandara-d6hpycs.jpg","color":"#00ccff","id":"c88e5550-0452-11e7-bdc3-b74533b9126e"} 
22:59:25.736 INFO  Client disconnected[] 
22:59:46.183 INFO  Client connected 1 
23:00:47.069 INFO  Client disconnected[] 
23:00:47.339 INFO  Client connected 1 
23:00:54.966 INFO  received: %s{"type":"incMessage","username":"Godzilla","content":"asdf http://img10.deviantart.net/e984/i/2015/287/c/5/red_dragon_by_sandara-d6hpycs.jpg","color":"#00ccff","id":"159f5650-0453-11e7-bdc3-b74533b9126e"} 
23:01:20.078 INFO  Client disconnected[] 
23:01:20.327 INFO  Client connected 1 
23:01:24.161 INFO  received: %s{"type":"incMessage","username":"Godzilla","content":"sdf http://img10.deviantart.net/e984/i/2015/287/c/5/red_dragon_by_sandara-d6hpycs.jpg","color":"#00ccff","id":"27064b10-0453-11e7-bdc3-b74533b9126e"} 
23:01:38.038 INFO  Client disconnected[] 
23:01:38.294 INFO  Client connected 1 
23:02:35.091 INFO  Client disconnected[] 
23:02:35.379 INFO  Client connected 1 
23:02:54.124 INFO  Client disconnected[] 
23:02:54.410 INFO  Client connected 1 
23:03:25.173 INFO  Client disconnected[] 
23:03:25.477 INFO  Client connected 1 
23:03:37.835 INFO  received: %s{"type":"incMessage","username":"Godzilla","content":"hey http://img10.deviantart.net/e984/i/2015/287/c/5/red_dragon_by_sandara-d6hpycs.jpg","color":"#00ccff","id":"76b353b0-0453-11e7-bdc3-b74533b9126e"} 
23:03:57.186 INFO  Client disconnected[] 
23:03:57.464 INFO  Client connected 1 
23:04:00.312 INFO  received: %s{"type":"incMessage","username":"Godzilla","content":"hey http://img10.deviantart.net/e984/i/2015/287/c/5/red_dragon_by_sandara-d6hpycs.jpg","color":"#00ccff","id":"8418e470-0453-11e7-bdc3-b74533b9126e"} 
23:04:27.212 INFO  Client disconnected[] 
23:04:27.511 INFO  Client connected 1 
23:04:38.213 INFO  Client disconnected[] 
23:04:38.504 INFO  Client connected 1 
23:04:47.889 INFO  received: %s{"type":"incMessage","username":"Godzilla","content":"asdf             http://img10.deviantart.net/e984/i/2015/287/c/5/red_dragon_by_sandara-d6hpycs.jpg","color":"#00ccff","id":"a074b810-0453-11e7-bdc3-b74533b9126e"} 
23:05:22.277 INFO  Client disconnected[] 
23:05:22.559 INFO  Client connected 1 
23:05:30.237 INFO  Client disconnected[] 
23:05:30.537 INFO  Client connected 1 
23:05:36.343 INFO  received: %s{"type":"incMessage","username":"Godzilla","content":"fdf http://img10.deviantart.net/e984/i/2015/287/c/5/red_dragon_by_sandara-d6hpycs.jpg df","color":"#00ccff","id":"bd563670-0453-11e7-bdc3-b74533b9126e"} 
23:05:38.335 INFO  received: %s{"type":"incMessage","username":"Godzilla","content":"fdf http://img10.deviantart.net/e984/i/2015/287/c/5/red_dragon_by_sandara-d6hpycs.jpg dfhttp://img10.deviantart.net/e984/i/2015/287/c/5/red_dragon_by_sandara-d6hpycs.jpg","color":"#00ccff","id":"be862af0-0453-11e7-bdc3-b74533b9126e"} 
23:05:39.336 INFO  received: %s{"type":"incMessage","username":"Godzilla","content":"fdf http://img10.deviantart.net/e984/i/2015/287/c/5/red_dragon_by_sandara-d6hpycs.jpg dfhttp://img10.deviantart.net/e984/i/2015/287/c/5/red_dragon_by_sandara-d6hpycs.jpg","color":"#00ccff","id":"bf1ec170-0453-11e7-bdc3-b74533b9126e"} 
23:05:56.277 INFO  Client disconnected[] 
23:05:56.565 INFO  Client connected 1 
23:06:02.061 INFO  received: %s{"type":"incMessage","username":"Godzilla","content":"df http://img10.deviantart.net/e984/i/2015/287/c/5/red_dragon_by_sandara-d6hpycs.jpg","color":"#00ccff","id":"ccaa77d0-0453-11e7-bdc3-b74533b9126e"} 
23:07:09.441 INFO  Client disconnected[] 
23:07:09.735 INFO  Client connected 1 
23:08:28.605 INFO  received: %s{"type":"incMessage","username":"Godzilla","content":"hey http://img10.deviantart.net/e984/i/2015/287/c/5/red_dragon_by_sandara-d6hpycs.jpg hey","color":"#00ccff","id":"240327c0-0454-11e7-bdc3-b74533b9126e"} 
23:09:01.529 INFO  Client disconnected[] 
23:09:01.840 INFO  Client connected 1 
23:09:04.565 INFO  Client disconnected[] 
23:09:04.858 INFO  Client connected 1 
23:09:07.310 INFO  received: %s{"type":"incMessage","username":"Godzilla","content":"test http://img10.deviantart.net/e984/i/2015/287/c/5/red_dragon_by_sandara-d6hpycs.jpg","color":"#00ccff","id":"3b147590-0454-11e7-bdc3-b74533b9126e"} 
23:09:42.571 INFO  Client disconnected[] 
23:09:42.828 INFO  Client connected 1 
23:09:54.916 INFO  received: %s{"type":"incMessage","username":"Godzilla","content":"test hey check this http://img10.deviantart.net/e984/i/2015/287/c/5/red_dragon_by_sandara-d6hpycs.jpg . Can you type after your picture?","color":"#00ccff","id":"57752b30-0454-11e7-bdc3-b74533b9126e"} 
23:10:31.708 INFO  Client disconnected[] 
23:10:32.009 INFO  Client connected 1 
23:10:38.633 INFO  Client disconnected[] 
23:10:38.905 INFO  Client connected 1 
23:10:53.506 INFO  received: %s{"type":"incMessage","username":"Godzilla","content":"http://img10.deviantart.net/e984/i/2015/287/c/5/red_dragon_by_sandara-d6hpycs.jpg","color":"#00ccff","id":"7a617220-0454-11e7-bdc3-b74533b9126e"} 
23:11:11.631 INFO  received: %s{"type":"incMessage","username":"Godzilla","content":"here watch this http://img10.deviantart.net/e984/i/2015/287/c/5/red_dragon_by_sandara-d6hpycs.jpg I can type after my picture unlike you....","color":"#00ccff","id":"852ef2e0-0454-11e7-bdc3-b74533b9126e"} 
23:11:35.764 INFO  Client disconnected[] 
23:11:36.049 INFO  Client connected 1 
23:11:41.713 INFO  received: %s{"type":"incMessage","username":"Godzilla","content":"check this out http://img10.deviantart.net/e984/i/2015/287/c/5/red_dragon_by_sandara-d6hpycs.jpg broooooooo","color":"#00ccff","id":"971d4010-0454-11e7-bdc3-b74533b9126e"} 
23:11:55.785 INFO  Client disconnected[] 
23:11:56.092 INFO  Client connected 1 
23:12:05.507 INFO  received: %s{"type":"incMessage","username":"Godzilla","content":"Check this out Brooooo http://img10.deviantart.net/e984/i/2015/287/c/5/red_dragon_by_sandara-d6hpycs.jpg . ya jelly?","color":"#00ccff","id":"a54bed30-0454-11e7-bdc3-b74533b9126e"} 
23:12:23.893 INFO  Client disconnected[] 
23:12:24.187 INFO  Client connected 1 
23:12:28.799 INFO  Client disconnected[] 
23:12:29.086 INFO  Client connected 1 
23:12:38.717 INFO  received: %s{"type":"incMessage","username":"Godzilla","content":"dude this rules http://img10.deviantart.net/e984/i/2015/287/c/5/red_dragon_by_sandara-d6hpycs.jpg","color":"#00ccff","id":"b9175ed0-0454-11e7-bdc3-b74533b9126e"} 
